============================================================
빠른 테스트 학습 (소규모)
============================================================

디바이스: cuda

토크나이저 로딩 중...
[OK] 토크나이저 로드 완료

모델 로딩 중...
Multi-Task KoBART 모델 초기화 중...
[OK] Shared Encoder 로드 완료
[OK] 4개의 Decoder Heads 생성 완료:
  - Head 1: Style Transfer
  - Head 2: Dialogue Summarization
  - Head 3: Role-conditioned Generation
  - Head 4: QA Answer Generation
[OK] 모델 로드 완료

데이터 로딩 중...
병렬 데이터 로딩 중...
[OK] 병렬 데이터: 70,182개
[OK] 학습 데이터: 70,000개
[OK] 검증 데이터: 100개

학습 설정:
  - Batch size: 4
  - Learning rate: 5e-05
  - Epochs: 5
  - Max length: 128
  - Total steps: 87,500

============================================================
학습 시작
============================================================

[Epoch 1/5]
